Symbol range map extraction starting
Processing 89 files
startProcessing "com\bored\morefuelsmod\MoreFuelsMod.java" md5: ea61b368c227e3e8dcc8e4075094623c
endProcessing "com\bored\morefuelsmod\MoreFuelsMod.java"

startProcessing "com\bored\morefuelsmod\block\BlockBase.java" md5: 7adc448cdb7d45bad765f564218f5606
Cache Hit!
endProcessing "com\bored\morefuelsmod\block\BlockBase.java"

startProcessing "com\bored\morefuelsmod\block\BlockFuelConverter.java" md5: 6fb7db43b2297fc48052a43a13a6cfae
endProcessing "com\bored\morefuelsmod\block\BlockFuelConverter.java"

startProcessing "com\bored\morefuelsmod\block\BlockLavaOre.java" md5: 6c4f04185823deb81ab9eb74f58aaadc
Cache Hit!
endProcessing "com\bored\morefuelsmod\block\BlockLavaOre.java"

startProcessing "com\bored\morefuelsmod\block\BlockOre.java" md5: 3626d17abeae243d173b657d14ff0b52
Cache Hit!
endProcessing "com\bored\morefuelsmod\block\BlockOre.java"

startProcessing "com\bored\morefuelsmod\block\BlockSlimerock.java" md5: 59d4d4c599590ca011459e8a3d289fbd
endProcessing "com\bored\morefuelsmod\block\BlockSlimerock.java"

startProcessing "com\bored\morefuelsmod\block\BlockStone.java" md5: bd10d6e31cbc14fcdb4af92e9146d137
Cache Hit!
endProcessing "com\bored\morefuelsmod\block\BlockStone.java"

startProcessing "com\bored\morefuelsmod\block\BlockWood.java" md5: 76bf8b86724b04fd64803595160db502
Cache Hit!
endProcessing "com\bored\morefuelsmod\block\BlockWood.java"

startProcessing "com\bored\morefuelsmod\block\ModBlocks.java" md5: f4825bb37c773c844a877a01ac9c733d
endProcessing "com\bored\morefuelsmod\block\ModBlocks.java"

startProcessing "com\bored\morefuelsmod\fuels\ActivatorRail.java" md5: 62865d141f0c3a865577f039fb2625f4
endProcessing "com\bored\morefuelsmod\fuels\ActivatorRail.java"

startProcessing "com\bored\morefuelsmod\fuels\ArmorStand.java" md5: cb710df856b155bc9c57410909ffc9db
endProcessing "com\bored\morefuelsmod\fuels\ArmorStand.java"

startProcessing "com\bored\morefuelsmod\fuels\Arrow.java" md5: b15e28609bd270f0e0b888f9c6c6ae4b
endProcessing "com\bored\morefuelsmod\fuels\Arrow.java"

startProcessing "com\bored\morefuelsmod\fuels\Bed.java" md5: 6bdd2ca95645f567c851c60b9997ac3d
endProcessing "com\bored\morefuelsmod\fuels\Bed.java"

startProcessing "com\bored\morefuelsmod\fuels\BeetSeeds.java" md5: 6bedce47c8f08e06e9c157ce75970bce
endProcessing "com\bored\morefuelsmod\fuels\BeetSeeds.java"

startProcessing "com\bored\morefuelsmod\fuels\BlazePowder.java" md5: b2c481e6bb7b3c1c96429fefca00df56
endProcessing "com\bored\morefuelsmod\fuels\BlazePowder.java"

startProcessing "com\bored\morefuelsmod\fuels\Book.java" md5: 19c7ae80e74bcd94b23ad568cb08f4e2
endProcessing "com\bored\morefuelsmod\fuels\Book.java"

startProcessing "com\bored\morefuelsmod\fuels\Cactus.java" md5: 40f71448f73569fe2ce0b4399516c8f2
endProcessing "com\bored\morefuelsmod\fuels\Cactus.java"

startProcessing "com\bored\morefuelsmod\fuels\CarrotOnAStick.java" md5: 4ce197bad6e93014bac6601bb2af01bb
endProcessing "com\bored\morefuelsmod\fuels\CarrotOnAStick.java"

startProcessing "com\bored\morefuelsmod\fuels\ChorusFlowers.java" md5: 3a734c468e8a237b1efa14e88bfa312b
endProcessing "com\bored\morefuelsmod\fuels\ChorusFlowers.java"

startProcessing "com\bored\morefuelsmod\fuels\ChorusPlant.java" md5: 918dcd717255647f8a789aa6e6dd1f4b
endProcessing "com\bored\morefuelsmod\fuels\ChorusPlant.java"

startProcessing "com\bored\morefuelsmod\fuels\Deadbush.java" md5: f0ee870442c4fd9c2fc13a5bfc19bf68
endProcessing "com\bored\morefuelsmod\fuels\Deadbush.java"

startProcessing "com\bored\morefuelsmod\fuels\DetectorRail.java" md5: 924a68573b68f8741ab917cf23832b71
endProcessing "com\bored\morefuelsmod\fuels\DetectorRail.java"

startProcessing "com\bored\morefuelsmod\fuels\DoublePlant.java" md5: f3897d25a10ba7159f55f50d6e23959a
endProcessing "com\bored\morefuelsmod\fuels\DoublePlant.java"

startProcessing "com\bored\morefuelsmod\fuels\DragonBreath.java" md5: 1aebeee079eaf632c20c5992aa0ad61b
endProcessing "com\bored\morefuelsmod\fuels\DragonBreath.java"

startProcessing "com\bored\morefuelsmod\fuels\ExperimentalMushroomBlocks.java" md5: f7ca49cd4dfc594f0ef4e50eee2c7b54
endProcessing "com\bored\morefuelsmod\fuels\ExperimentalMushroomBlocks.java"

startProcessing "com\bored\morefuelsmod\fuels\Feather.java" md5: 7553adbfafbb5c1f8ffeef0e9ddaac5e
endProcessing "com\bored\morefuelsmod\fuels\Feather.java"

startProcessing "com\bored\morefuelsmod\fuels\FireCharge.java" md5: c37f22f247f9bf5ad103c48fd0498050
endProcessing "com\bored\morefuelsmod\fuels\FireCharge.java"

startProcessing "com\bored\morefuelsmod\fuels\FireworkCharge.java" md5: fe2d7570b7569bf8a3553eaad4a52aa4
endProcessing "com\bored\morefuelsmod\fuels\FireworkCharge.java"

startProcessing "com\bored\morefuelsmod\fuels\Fireworks.java" md5: ea824c49932729c2069cd26bf95e42fc
endProcessing "com\bored\morefuelsmod\fuels\Fireworks.java"

startProcessing "com\bored\morefuelsmod\fuels\FishingRod.java" md5: df497c38411d61b3454f709b34288cdd
endProcessing "com\bored\morefuelsmod\fuels\FishingRod.java"

startProcessing "com\bored\morefuelsmod\fuels\GhastTear.java" md5: 8fdadc01284317f8527279959386c3cb
endProcessing "com\bored\morefuelsmod\fuels\GhastTear.java"

startProcessing "com\bored\morefuelsmod\fuels\Gunpowder.java" md5: eb5f603db812388663ff869cb3b52bfd
endProcessing "com\bored\morefuelsmod\fuels\Gunpowder.java"

startProcessing "com\bored\morefuelsmod\fuels\HayBlock.java" md5: 26791ea7d2598a6bbcf8cacd33cb905f
endProcessing "com\bored\morefuelsmod\fuels\HayBlock.java"

startProcessing "com\bored\morefuelsmod\fuels\ItemFrame.java" md5: 5842deedc12e0ab26c1313f209013f95
endProcessing "com\bored\morefuelsmod\fuels\ItemFrame.java"

startProcessing "com\bored\morefuelsmod\fuels\Leaves.java" md5: 62d3a10b61c3b6c8190c698425569cf8
endProcessing "com\bored\morefuelsmod\fuels\Leaves.java"

startProcessing "com\bored\morefuelsmod\fuels\Lever.java" md5: f1940fb74e7dfa7932114537dc7be120
endProcessing "com\bored\morefuelsmod\fuels\Lever.java"

startProcessing "com\bored\morefuelsmod\fuels\MagmaCream.java" md5: d4faf64270613ef4661c8e0ab924933d
endProcessing "com\bored\morefuelsmod\fuels\MagmaCream.java"

startProcessing "com\bored\morefuelsmod\fuels\Maps.java" md5: e5f6e71da3430958b8c6ec0fa03cab59
endProcessing "com\bored\morefuelsmod\fuels\Maps.java"

startProcessing "com\bored\morefuelsmod\fuels\MelonSeeds.java" md5: 240cc07c30ffd13483168eb135c08e01
endProcessing "com\bored\morefuelsmod\fuels\MelonSeeds.java"

startProcessing "com\bored\morefuelsmod\fuels\MinecartWithChest.java" md5: d637b8db0d5e9661eb8bcd5c3498f5df
endProcessing "com\bored\morefuelsmod\fuels\MinecartWithChest.java"

startProcessing "com\bored\morefuelsmod\fuels\MushroomItems.java" md5: 01f22f1f2b3dfa97433e6525fedc855f
endProcessing "com\bored\morefuelsmod\fuels\MushroomItems.java"

startProcessing "com\bored\morefuelsmod\fuels\NetherStar.java" md5: ebea287a519df5f2e9f0bd42f137044d
endProcessing "com\bored\morefuelsmod\fuels\NetherStar.java"

startProcessing "com\bored\morefuelsmod\fuels\Painting.java" md5: d3718313923e61d8cadbf9c208380470
endProcessing "com\bored\morefuelsmod\fuels\Painting.java"

startProcessing "com\bored\morefuelsmod\fuels\Paper.java" md5: 41a1faa4e3cc2f00306997fb192a893d
endProcessing "com\bored\morefuelsmod\fuels\Paper.java"

startProcessing "com\bored\morefuelsmod\fuels\Piston.java" md5: c0838cf5c63709426440026bc9efd7ff
endProcessing "com\bored\morefuelsmod\fuels\Piston.java"

startProcessing "com\bored\morefuelsmod\fuels\PoisonousPotato.java" md5: 9ee0a06f2b61414f268836454e2e96f6
endProcessing "com\bored\morefuelsmod\fuels\PoisonousPotato.java"

startProcessing "com\bored\morefuelsmod\fuels\PoweredRail.java" md5: 712a671b5e318d489c8f9dbc7b85b529
endProcessing "com\bored\morefuelsmod\fuels\PoweredRail.java"

startProcessing "com\bored\morefuelsmod\fuels\PumpkinSeeds.java" md5: 6e7880060d4fd607fe34ea5639241991
endProcessing "com\bored\morefuelsmod\fuels\PumpkinSeeds.java"

startProcessing "com\bored\morefuelsmod\fuels\Rail.java" md5: 7ce0eaedfd3dfa33045d79520a090c97
endProcessing "com\bored\morefuelsmod\fuels\Rail.java"

startProcessing "com\bored\morefuelsmod\fuels\RedFlower.java" md5: f29857d1f099592b903566b4e03dc106
endProcessing "com\bored\morefuelsmod\fuels\RedFlower.java"

startProcessing "com\bored\morefuelsmod\fuels\RedstoneTorch.java" md5: 3c13ed0f7abd42bb65068f2f7ac2c5cf
endProcessing "com\bored\morefuelsmod\fuels\RedstoneTorch.java"

startProcessing "com\bored\morefuelsmod\fuels\RottenFlesh.java" md5: 43fc52bce92e89749cc42b2654a3b0f9
endProcessing "com\bored\morefuelsmod\fuels\RottenFlesh.java"

startProcessing "com\bored\morefuelsmod\fuels\Shield.java" md5: 5ff33c830d5d5da154a4293db1829e4f
endProcessing "com\bored\morefuelsmod\fuels\Shield.java"

startProcessing "com\bored\morefuelsmod\fuels\Sign.java" md5: cab8f94cd061662f50fb1ce5a4afade7
endProcessing "com\bored\morefuelsmod\fuels\Sign.java"

startProcessing "com\bored\morefuelsmod\fuels\SpawnEgg.java" md5: 3765662c5b90e30aa11b615fa8caefb2
endProcessing "com\bored\morefuelsmod\fuels\SpawnEgg.java"

startProcessing "com\bored\morefuelsmod\fuels\SpiderEye.java" md5: a3b3f0dc13acadc0a8287a7ae9790466
endProcessing "com\bored\morefuelsmod\fuels\SpiderEye.java"

startProcessing "com\bored\morefuelsmod\fuels\StickyPiston.java" md5: 0ac4dfc1618fe0893bd4566c932e59eb
endProcessing "com\bored\morefuelsmod\fuels\StickyPiston.java"

startProcessing "com\bored\morefuelsmod\fuels\Sugarcane.java" md5: 5bbc991efbdff9cba7a945d37bcf54bb
endProcessing "com\bored\morefuelsmod\fuels\Sugarcane.java"

startProcessing "com\bored\morefuelsmod\fuels\TNT.java" md5: fcd171003e1408f77de762c3db33a378
endProcessing "com\bored\morefuelsmod\fuels\TNT.java"

startProcessing "com\bored\morefuelsmod\fuels\TNTMinecart.java" md5: 364a9dee931c242bd323ea8c0fc39d1b
endProcessing "com\bored\morefuelsmod\fuels\TNTMinecart.java"

startProcessing "com\bored\morefuelsmod\fuels\Torch.java" md5: 6b4963fc96f421ed622e71c9cca05cda
endProcessing "com\bored\morefuelsmod\fuels\Torch.java"

startProcessing "com\bored\morefuelsmod\fuels\TripwireHook.java" md5: 1b5ad7f561868054a1d167de1c682529
endProcessing "com\bored\morefuelsmod\fuels\TripwireHook.java"

startProcessing "com\bored\morefuelsmod\fuels\Vine.java" md5: fe654beff2bf248fada127ddc976f2e7
endProcessing "com\bored\morefuelsmod\fuels\Vine.java"

startProcessing "com\bored\morefuelsmod\fuels\WaterLily.java" md5: cd7cec496a1628825656c01079362405
endProcessing "com\bored\morefuelsmod\fuels\WaterLily.java"

startProcessing "com\bored\morefuelsmod\fuels\Web.java" md5: 859e74ae87553de4423dd53297cf2416
endProcessing "com\bored\morefuelsmod\fuels\Web.java"

startProcessing "com\bored\morefuelsmod\fuels\Wheat.java" md5: 6ffb3af4c0283fedb369d741071f8d17
endProcessing "com\bored\morefuelsmod\fuels\Wheat.java"

startProcessing "com\bored\morefuelsmod\fuels\WheatSeeds.java" md5: 794b86453fecfa2e88b1ac156a2d2820
endProcessing "com\bored\morefuelsmod\fuels\WheatSeeds.java"

startProcessing "com\bored\morefuelsmod\fuels\WritableBook.java" md5: d9a02b775fa799ad6c161c2672083485
endProcessing "com\bored\morefuelsmod\fuels\WritableBook.java"

startProcessing "com\bored\morefuelsmod\fuels\WrittenBook.java" md5: 31304f37e5ed657c5d326d63478124a1
endProcessing "com\bored\morefuelsmod\fuels\WrittenBook.java"

startProcessing "com\bored\morefuelsmod\fuels\YellowFlower.java" md5: 87c230fe2b23e4740acdf7ea36d7dd72
endProcessing "com\bored\morefuelsmod\fuels\YellowFlower.java"

startProcessing "com\bored\morefuelsmod\fuels\modfuels\BituminousCoal.java" md5: 25fb76e8b37e9f9441bde332cd2aeaf3
endProcessing "com\bored\morefuelsmod\fuels\modfuels\BituminousCoal.java"

startProcessing "com\bored\morefuelsmod\fuels\modfuels\BituminousCoalBlock.java" md5: 6b161ee05f7666ad18a4fa70d96e1397
endProcessing "com\bored\morefuelsmod\fuels\modfuels\BituminousCoalBlock.java"

startProcessing "com\bored\morefuelsmod\fuels\modfuels\Coke.java" md5: aa25ec2c821867a586a1c0a8991b4e80
endProcessing "com\bored\morefuelsmod\fuels\modfuels\Coke.java"

startProcessing "com\bored\morefuelsmod\fuels\modfuels\CokeBlock.java" md5: 5788ff746c228c0def4551c741a8bfd5
endProcessing "com\bored\morefuelsmod\fuels\modfuels\CokeBlock.java"

startProcessing "com\bored\morefuelsmod\fuels\modfuels\ConcentratedPelletBlock.java" md5: ee61a8eda43d717526d5e7feebdbed70
endProcessing "com\bored\morefuelsmod\fuels\modfuels\ConcentratedPelletBlock.java"

startProcessing "com\bored\morefuelsmod\fuels\modfuels\ConcentratedPelletFuel.java" md5: 645cacd81572b38174faef219926018d
endProcessing "com\bored\morefuelsmod\fuels\modfuels\ConcentratedPelletFuel.java"

startProcessing "com\bored\morefuelsmod\fuels\modfuels\InfiniteCreativeFuelBlock.java" md5: b1729546de92f90527a515c9a7c753cf
endProcessing "com\bored\morefuelsmod\fuels\modfuels\InfiniteCreativeFuelBlock.java"

startProcessing "com\bored\morefuelsmod\fuels\modfuels\LavaOrb.java" md5: db6e3bc48204c401c762269043c88d4a
endProcessing "com\bored\morefuelsmod\fuels\modfuels\LavaOrb.java"

startProcessing "com\bored\morefuelsmod\fuels\modfuels\PelletBlock.java" md5: 896092dab3ab356f1b18d6999f3c1bf5
endProcessing "com\bored\morefuelsmod\fuels\modfuels\PelletBlock.java"

startProcessing "com\bored\morefuelsmod\fuels\modfuels\PelletFuel.java" md5: e2b6e307163f7ded2d9264292b9b2eb2
endProcessing "com\bored\morefuelsmod\fuels\modfuels\PelletFuel.java"

startProcessing "com\bored\morefuelsmod\fuels\modfuels\Slimoline.java" md5: 3a92efa032bc64c69dcf17fff872b83f
endProcessing "com\bored\morefuelsmod\fuels\modfuels\Slimoline.java"

startProcessing "com\bored\morefuelsmod\item\ItemBase.java" md5: 12b01f9611ca6374dc964ee9581caa11
Cache Hit!
endProcessing "com\bored\morefuelsmod\item\ItemBase.java"

startProcessing "com\bored\morefuelsmod\item\ModItems.java" md5: 931da04fcd7e7ae701869afb74d58ed0
endProcessing "com\bored\morefuelsmod\item\ModItems.java"

startProcessing "com\bored\morefuelsmod\proxy\ClientProxy.java" md5: 79745b694474a9caa70241f44bfb7481
Cache Hit!
endProcessing "com\bored\morefuelsmod\proxy\ClientProxy.java"

startProcessing "com\bored\morefuelsmod\proxy\CommonProxy.java" md5: 7b2562cedb70da5f980ba08a772c2e08
Cache Hit!
endProcessing "com\bored\morefuelsmod\proxy\CommonProxy.java"

startProcessing "com\bored\morefuelsmod\util\MoreFuelsModTab.java" md5: a25e4146e5609c02b966b7f34281e125
Cache Hit!
endProcessing "com\bored\morefuelsmod\util\MoreFuelsModTab.java"

startProcessing "com\bored\morefuelsmod\util\RFtL.java" md5: b80826a27046fb023f3d8d33a392fb69
Cache Hit!
endProcessing "com\bored\morefuelsmod\util\RFtL.java"

startProcessing "com\bored\morefuelsmod\util\Smelting.java" md5: 6284ebc76667847e1aab2ecc93e8a011
Cache Hit!
endProcessing "com\bored\morefuelsmod\util\Smelting.java"

startProcessing "com\bored\morefuelsmod\world\ModWorldGen.java" md5: c9492531aa1c00adc2063f6de63e887a
Cache Hit!
endProcessing "com\bored\morefuelsmod\world\ModWorldGen.java"

