[21:29:50] [main/INFO]: Setting user: Player430
[21:29:53] [main/WARN]: Skipping bad option: lastServer:
[21:29:53] [main/INFO]: LWJGL Version: 2.9.4
[21:29:55] [main/INFO]: Reloading ResourceManager: Default, FMLFileResourcePack:Forge Mod Loader, FMLFileResourcePack:Minecraft Forge, FMLFileResourcePack:More Fuels Mod
[21:29:57] [Sound Library Loader/INFO]: Starting up SoundSystem...
[21:29:58] [Thread-5/INFO]: Initializing LWJGL OpenAL
[21:29:58] [Thread-5/INFO]: (The LWJGL binding of OpenAL.  For more information, see http://www.lwjgl.org)
[21:29:58] [Thread-5/INFO]: OpenAL initialized.
[21:29:58] [Sound Library Loader/INFO]: Sound engine started
[21:30:00] [main/INFO]: Created: 512x512 textures-atlas
[21:30:02] [main/WARN]: Skipping bad option: lastServer:
[21:30:02] [main/INFO]: Narrator library for x64 successfully loaded
[21:30:02] [Realms Notification Availability checker #1/INFO]: Could not authorize you against Realms server: Invalid session id
[21:30:04] [Server thread/INFO]: Starting integrated minecraft server version 1.12.2
[21:30:04] [Server thread/INFO]: Generating keypair
[21:30:08] [Server thread/INFO]: Loaded 488 advancements
[21:30:08] [Server thread/INFO]: Preparing start region for level 0
[21:30:09] [Server thread/INFO]: Changing view distance to 12, from 10
[21:30:11] [Server thread/INFO]: Player430[local:E:4b80ce58] logged in with entity id 333 at (233.01121352239488, 64.94455106776837, 190.05897489114778)
[21:30:11] [Server thread/INFO]: Player430 joined the game
[21:30:11] [Server thread/INFO]: Saving and pausing game...
[21:30:11] [Server thread/INFO]: Saving chunks for level 'bleeding test world'/overworld
[21:30:11] [pool-2-thread-1/WARN]: Couldn't look up profile properties for com.mojang.authlib.GameProfile@4e688453[id=5b6052a7-6bab-33d6-92c2-a3d77755ef06,name=Player430,properties={},legacy=false]
com.mojang.authlib.exceptions.AuthenticationException: The client has sent too many requests within a certain amount of time
	at com.mojang.authlib.yggdrasil.YggdrasilAuthenticationService.makeRequest(YggdrasilAuthenticationService.java:79) ~[YggdrasilAuthenticationService.class:?]
	at com.mojang.authlib.yggdrasil.YggdrasilMinecraftSessionService.fillGameProfile(YggdrasilMinecraftSessionService.java:180) [YggdrasilMinecraftSessionService.class:?]
	at com.mojang.authlib.yggdrasil.YggdrasilMinecraftSessionService$1.load(YggdrasilMinecraftSessionService.java:60) [YggdrasilMinecraftSessionService$1.class:?]
	at com.mojang.authlib.yggdrasil.YggdrasilMinecraftSessionService$1.load(YggdrasilMinecraftSessionService.java:57) [YggdrasilMinecraftSessionService$1.class:?]
	at com.google.common.cache.LocalCache$LoadingValueReference.loadFuture(LocalCache.java:3716) [guava-21.0.jar:?]
	at com.google.common.cache.LocalCache$Segment.loadSync(LocalCache.java:2424) [guava-21.0.jar:?]
	at com.google.common.cache.LocalCache$Segment.lockedGetOrLoad(LocalCache.java:2298) [guava-21.0.jar:?]
	at com.google.common.cache.LocalCache$Segment.get(LocalCache.java:2211) [guava-21.0.jar:?]
	at com.google.common.cache.LocalCache.get(LocalCache.java:4154) [guava-21.0.jar:?]
	at com.google.common.cache.LocalCache.getOrLoad(LocalCache.java:4158) [guava-21.0.jar:?]
	at com.google.common.cache.LocalCache$LocalLoadingCache.get(LocalCache.java:5147) [guava-21.0.jar:?]
	at com.google.common.cache.LocalCache$LocalLoadingCache.getUnchecked(LocalCache.java:5153) [guava-21.0.jar:?]
	at com.mojang.authlib.yggdrasil.YggdrasilMinecraftSessionService.fillProfileProperties(YggdrasilMinecraftSessionService.java:170) [YggdrasilMinecraftSessionService.class:?]
	at net.minecraft.client.Minecraft.getProfileProperties(Minecraft.java:3188) [Minecraft.class:?]
	at net.minecraft.client.resources.SkinManager$3.run(SkinManager.java:138) [SkinManager$3.class:?]
	at java.util.concurrent.Executors$RunnableAdapter.call(Unknown Source) [?:1.8.0_151]
	at java.util.concurrent.FutureTask.run(Unknown Source) [?:1.8.0_151]
	at java.util.concurrent.ThreadPoolExecutor.runWorker(Unknown Source) [?:1.8.0_151]
	at java.util.concurrent.ThreadPoolExecutor$Worker.run(Unknown Source) [?:1.8.0_151]
	at java.lang.Thread.run(Unknown Source) [?:1.8.0_151]
[21:30:11] [main/WARN]: Received passengers for unknown entity
[21:30:11] [Server thread/INFO]: Saving chunks for level 'bleeding test world'/the_nether
[21:30:11] [Server thread/INFO]: Saving chunks for level 'bleeding test world'/the_end
[21:30:39] [Server thread/INFO]: Saving and pausing game...
[21:30:39] [Server thread/INFO]: Saving chunks for level 'bleeding test world'/overworld
[21:30:39] [Server thread/INFO]: Saving chunks for level 'bleeding test world'/the_nether
[21:30:39] [Server thread/INFO]: Saving chunks for level 'bleeding test world'/the_end
[21:30:40] [Server thread/INFO]: Stopping server
[21:30:40] [Server thread/INFO]: Saving players
[21:30:40] [Server thread/INFO]: Player430 lost connection: Disconnected
[21:30:40] [Server thread/INFO]: Player430 left the game
[21:30:40] [Server thread/INFO]: Stopping singleplayer server as player logged out
[21:30:40] [Server thread/INFO]: Saving worlds
[21:30:40] [Server thread/INFO]: Saving chunks for level 'bleeding test world'/overworld
[21:30:40] [Server thread/INFO]: Saving chunks for level 'bleeding test world'/the_nether
[21:30:40] [Server thread/INFO]: Saving chunks for level 'bleeding test world'/the_end
