[12:22:44] [Client thread/INFO]: Setting user: Player97
[12:22:47] [Client thread/WARN]: Skipping bad option: lastServer:
[12:22:47] [Client thread/INFO]: LWJGL Version: 2.9.4
[12:22:47] [Client thread/INFO]: [STDOUT]: ---- Minecraft Crash Report ----
// You should try our sister game, Minceraft!

Time: 12/30/16 12:22 PM
Description: Loading screen debug info

This is just a prompt for computer specs to be printed. THIS IS NOT A ERROR


A detailed walkthrough of the error, its code path and all known details is as follows:
---------------------------------------------------------------------------------------

-- System Details --
Details:
	Minecraft Version: 1.11.2
	Operating System: Windows 10 (amd64) version 10.0
	Java Version: 1.8.0_112, Oracle Corporation
	Java VM Version: Java HotSpot(TM) 64-Bit Server VM (mixed mode), Oracle Corporation
	Memory: 747714768 bytes (713 MB) / 1037959168 bytes (989 MB) up to 1037959168 bytes (989 MB)
	JVM Flags: 3 total; -Xincgc -Xmx1024M -Xms1024M
	IntCache: cache: 0, tcache: 0, allocated: 0, tallocated: 0
	FML: 
	Loaded coremods (and transformers): 
	GL info: ' Vendor: 'ATI Technologies Inc.' Version: '4.5.13464 Compatibility Profile Context 21.19.384.0' Renderer: 'AMD Radeon (TM) R9 Fury Series'
[12:22:49] [Client thread/INFO]: Reloading ResourceManager: Default, FMLFileResourcePack:Forge Mod Loader, FMLFileResourcePack:Minecraft Forge, FMLFileResourcePack:§4More Fuels Mod
[12:22:49] [Client thread/INFO]: [STDOUT]: More Fuels Mod is making smelting better for you!
[12:22:50] [Sound Library Loader/INFO]: Starting up SoundSystem...
[12:22:51] [Thread-8/INFO]: Initializing LWJGL OpenAL
[12:22:51] [Thread-8/INFO]: (The LWJGL binding of OpenAL.  For more information, see http://www.lwjgl.org)
[12:22:51] [Thread-8/INFO]: OpenAL initialized.
[12:22:51] [Sound Library Loader/INFO]: Sound engine started
[12:22:53] [Client thread/INFO]: Created: 16x16 textures-atlas
[12:22:54] [Client thread/INFO]: Reloading ResourceManager: Default, FMLFileResourcePack:Forge Mod Loader, FMLFileResourcePack:Minecraft Forge, FMLFileResourcePack:§4More Fuels Mod
[12:22:55] [Client thread/INFO]: SoundSystem shutting down...
[12:22:55] [Client thread/WARN]: Author: Paul Lamb, www.paulscode.com
[12:22:55] [Sound Library Loader/INFO]: Starting up SoundSystem...
[12:22:55] [Thread-10/INFO]: Initializing LWJGL OpenAL
[12:22:55] [Thread-10/INFO]: (The LWJGL binding of OpenAL.  For more information, see http://www.lwjgl.org)
[12:22:55] [Thread-10/INFO]: OpenAL initialized.
[12:22:56] [Sound Library Loader/INFO]: Sound engine started
[12:22:57] [Client thread/INFO]: Created: 512x512 textures-atlas
[12:22:57] [Client thread/WARN]: Skipping bad option: lastServer:
[12:22:58] [Realms Notification Availability checker #1/INFO]: Could not authorize you against Realms server: Invalid session id
[12:23:01] [Client thread/INFO]: Stopping!
[12:23:01] [Client thread/INFO]: SoundSystem shutting down...
[12:23:01] [Client thread/WARN]: Author: Paul Lamb, www.paulscode.com
